
Execution of 1 workers started at 2026-03-25T07:42:40.624Z

[0-0] RUNNING in chrome - file:///C:/Users/subra/OneDrive%20-%20ICAD%20Airports%20Pvt%20Ltd/Desktop/AIP%20Sentinel%20Automation%2005-10-2025/test/specs/MQ_test.e2e.ts
[0-0] [DEBUG] ===== Backend vs Frontend Validation =====
[0-0] [DEBUG] [BE] Base URL: https://10.35.84.85:9443
[0-0] [DEBUG] [BE] Auth token found, calling getActiveQms API...
[0-0] [DEBUG] [BE] Total QMs returned from API: 9
[0-0] [DEBUG] [BE] First item keys: qmid, qmname, qmstatus, amqpstatus, qmip, mqversion, mqplatform, env, created_at, updated_at, queuesCount, listenersCount, channelsCount
[0-0] [DEBUG] [FE] Total rows visible on page: 9
[0-0] [DEBUG] Comparing first 9 rows — BE vs FE:
[0-0] [DEBUG] Row   | Field            | Backend (API)        | Frontend (UI)
[0-0] [DEBUG] ----------------------------------------------------------------------
[0-0] [DEBUG] Row 1 | QM Name          | AIPGTWQM             | AIPGTWQM
[0-0] [DEBUG]       | Environment      | MAINTENANCE          | MAINTENANCE
[0-0] [DEBUG]       | Status           | RUNNING              | RUNNING
[0-0] [DEBUG]       | AMQP Status      | NOT CONFIGURED       | NOT CONFIGURED
[0-0] [DEBUG]       | Channels         | 23                   | 23
[0-0] [DEBUG]       | Queues           | 178                  | 178
[0-0] [DEBUG]       | Listeners        | 2                    | 2
[0-0] [DEBUG] ----------------------------------------------------------------------
[0-0] [DEBUG] Row 2 | QM Name          | QMGR1                | QMGR1
[0-0] [DEBUG]       | Environment      | TEST                 | TEST
[0-0] [DEBUG]       | Status           | RUNNING              | RUNNING
[0-0] [DEBUG]       | AMQP Status      | NOT CONFIGURED       | NOT CONFIGURED
[0-0] [DEBUG]       | Channels         | 16                   | 16
[0-0] [DEBUG]       | Queues           | 91                   | 91
[0-0] [DEBUG]       | Listeners        | 2                    | 2
[0-0] [DEBUG] ----------------------------------------------------------------------
[0-0] [DEBUG] Row 3 | QM Name          | QMGR2                | QMGR2
[0-0] [DEBUG]       | Environment      | TEST                 | TEST
[0-0] [DEBUG]       | Status           | RUNNING              | RUNNING
[0-0] [DEBUG]       | AMQP Status      | NOT CONFIGURED       | NOT CONFIGURED
[0-0] [DEBUG]       | Channels         | 15                   | 15
[0-0] [DEBUG]       | Queues           | 205                  | 205
[0-0] [DEBUG]       | Listeners        | 2                    | 2
[0-0] [DEBUG] ----------------------------------------------------------------------
[0-0] [DEBUG] Row 4 | QM Name          | AIPGTWQMP            | AIPGTWQMP
[0-0] [DEBUG]       | Environment      | PRODUCTION           | PRODUCTION
[0-0] [DEBUG]       | Status           | RUNNING              | RUNNING
[0-0] [DEBUG]       | AMQP Status      | NOT CONFIGURED       | NOT CONFIGURED
[0-0] [DEBUG]       | Channels         | 19                   | 19
[0-0] [DEBUG]       | Queues           | 86                   | 86
[0-0] [DEBUG]       | Listeners        | 2                    | 2
[0-0] [DEBUG] ----------------------------------------------------------------------
[0-0] [DEBUG] Row 5 | QM Name          | QMGRP1               | QMGRP1
[0-0] [DEBUG]       | Environment      | PRODUCTION           | PRODUCTION
[0-0] [DEBUG]       | Status           | RUNNING              | RUNNING
[0-0] [DEBUG]       | AMQP Status      | NOT CONFIGURED       | NOT CONFIGURED
[0-0] [DEBUG]       | Channels         | 14                   | 14
[0-0] [DEBUG]       | Queues           | 87                   | 87
[0-0] [DEBUG]       | Listeners        | 2                    | 2
[0-0] [DEBUG] ----------------------------------------------------------------------
[0-0] [DEBUG] Row 6 | QM Name          | QMGRP2               | QMGRP2
[0-0] [DEBUG]       | Environment      | PRODUCTION           | PRODUCTION
[0-0] [DEBUG]       | Status           | RUNNING              | RUNNING
[0-0] [DEBUG]       | AMQP Status      | NOT CONFIGURED       | NOT CONFIGURED
[0-0] [DEBUG]       | Channels         | 15                   | 15
[0-0] [DEBUG]       | Queues           | 167                  | 167
[0-0] [DEBUG]       | Listeners        | 2                    | 2
[0-0] [DEBUG] ----------------------------------------------------------------------
[0-0] [DEBUG] Row 7 | QM Name          | AIPGTWQM             | AIPGTWQM
[0-0] [DEBUG]       | Environment      | TEST                 | TEST
[0-0] [DEBUG]       | Status           | RUNNING              | RUNNING
[0-0] [DEBUG]       | AMQP Status      | NOT CONFIGURED       | NOT CONFIGURED
[0-0] [DEBUG]       | Channels         | 19                   | 19
[0-0] [DEBUG]       | Queues           | 96                   | 96
[0-0] [DEBUG]       | Listeners        | 2                    | 2
[0-0] [DEBUG] ----------------------------------------------------------------------
[0-0] [DEBUG] Row 8 | QM Name          | AIPGTWQMDT           | AIPGTWQMDT
[0-0] [DEBUG]       | Environment      | TEST                 | TEST
[0-0] [DEBUG]       | Status           | RUNNING              | RUNNING
[0-0] [DEBUG]       | AMQP Status      | RUNNING              | RUNNING
[0-0] [DEBUG]       | Channels         | 28                   | 28
[0-0] [DEBUG]       | Queues           | 131                  | 131
[0-0] [DEBUG]       | Listeners        | 2                    | 2
[0-0] [DEBUG] ----------------------------------------------------------------------
[0-0] [DEBUG] Row 9 | QM Name          | AIPGTWQMDP           | AIPGTWQMDP
[0-0] [DEBUG]       | Environment      | PRODUCTION           | PRODUCTION
[0-0] [DEBUG]       | Status           | RUNNING              | RUNNING
[0-0] [DEBUG]       | AMQP Status      | RUNNING              | RUNNING
[0-0] [DEBUG]       | Channels         | 25                   | 25
[0-0] [DEBUG]       | Queues           | 121                  | 121
[0-0] [DEBUG]       | Listeners        | 2                    | 2
[0-0] [DEBUG] ----------------------------------------------------------------------
[0-0] [DEBUG] ===== Backend vs Frontend Validation PASSED =====
[0-0] 
[0-0] [DEBUG] ===== Testing Environment: TEST =====
[0-0] Error in "Verify MQ Page.Should verify MQ page data by filtering environments"
Error: element ("select") still not existing after 5000ms
    at <anonymous> (C:\Users\subra\OneDrive - ICAD Airports Pvt Ltd\Desktop\AIP Sentinel Automation 05-10-2025\node_modules\webdriverio\build\node.js:5829:15)
    at async Element.wrapCommandFn (C:\Users\subra\OneDrive - ICAD Airports Pvt Ltd\Desktop\AIP Sentinel Automation 05-10-2025\node_modules\@wdio\utils\build\index.js:982:23)
    at async Element.elementErrorHandlerCallbackFn (C:\Users\subra\OneDrive - ICAD Airports Pvt Ltd\Desktop\AIP Sentinel Automation 05-10-2025\node_modules\webdriverio\build\node.js:8602:24)
    at async Element.wrapCommandFn (C:\Users\subra\OneDrive - ICAD Airports Pvt Ltd\Desktop\AIP Sentinel Automation 05-10-2025\node_modules\@wdio\utils\build\index.js:982:23)
    at async Element.waitForExist (C:\Users\subra\OneDrive - ICAD Airports Pvt Ltd\Desktop\AIP Sentinel Automation 05-10-2025\node_modules\webdriverio\build\node.js:7834:23)
    at async Element.wrapCommandFn (C:\Users\subra\OneDrive - ICAD Airports Pvt Ltd\Desktop\AIP Sentinel Automation 05-10-2025\node_modules\@wdio\utils\build\index.js:982:23)
    at async Element.elementErrorHandlerCallbackFn (C:\Users\subra\OneDrive - ICAD Airports Pvt Ltd\Desktop\AIP Sentinel Automation 05-10-2025\node_modules\webdriverio\build\node.js:8602:24)
    at async Element.wrapCommandFn (C:\Users\subra\OneDrive - ICAD Airports Pvt Ltd\Desktop\AIP Sentinel Automation 05-10-2025\node_modules\@wdio\utils\build\index.js:982:23)
    at async MQPage.verifyMQPage_ByEnvironment (C:\Users\subra\OneDrive - ICAD Airports Pvt Ltd\Desktop\AIP Sentinel Automation 05-10-2025\test\pageobjects\mq.page.ts:144:7)
    at async Context.<anonymous> (C:\Users\subra\OneDrive - ICAD Airports Pvt Ltd\Desktop\AIP Sentinel Automation 05-10-2025\test\specs\MQ_test.e2e.ts:23:5)
[0-0] no test runtime is found. Please check test framework configuration
[0-0] no test runtime is found. Please check test framework configuration
[0-0] RETRYING in chrome - file:///C:/Users/subra/OneDrive%20-%20ICAD%20Airports%20Pvt%20Ltd/Desktop/AIP%20Sentinel%20Automation%2005-10-2025/test/specs/MQ_test.e2e.ts
[0-0] RUNNING in chrome - file:///C:/Users/subra/OneDrive%20-%20ICAD%20Airports%20Pvt%20Ltd/Desktop/AIP%20Sentinel%20Automation%2005-10-2025/test/specs/MQ_test.e2e.ts
[0-0] [DEBUG] ===== Backend vs Frontend Validation =====
[0-0] [DEBUG] [BE] Base URL: https://10.35.84.85:9443
[0-0] [DEBUG] [BE] Auth token found, calling getActiveQms API...
[0-0] [DEBUG] [BE] Total QMs returned from API: 9
[0-0] [DEBUG] [BE] First item keys: qmid, qmname, qmstatus, amqpstatus, qmip, mqversion, mqplatform, env, created_at, updated_at, queuesCount, listenersCount, channelsCount
[0-0] [DEBUG] [FE] Total rows visible on page: 9
[0-0] [DEBUG] Comparing first 9 rows — BE vs FE:
[0-0] [DEBUG] Row   | Field            | Backend (API)        | Frontend (UI)
[0-0] [DEBUG] ----------------------------------------------------------------------
[0-0] [DEBUG] Row 1 | QM Name          | AIPGTWQM             | AIPGTWQM
[0-0] [DEBUG]       | Environment      | MAINTENANCE          | MAINTENANCE
[0-0] [DEBUG]       | Status           | RUNNING              | RUNNING
[0-0] [DEBUG]       | AMQP Status      | NOT CONFIGURED       | NOT CONFIGURED
[0-0] [DEBUG]       | Channels         | 23                   | 23
[0-0] [DEBUG]       | Queues           | 178                  | 178
[0-0] [DEBUG]       | Listeners        | 2                    | 2
[0-0] [DEBUG] ----------------------------------------------------------------------
[0-0] [DEBUG] Row 2 | QM Name          | QMGR1                | QMGR1
[0-0] [DEBUG]       | Environment      | TEST                 | TEST
[0-0] [DEBUG]       | Status           | RUNNING              | RUNNING
[0-0] [DEBUG]       | AMQP Status      | NOT CONFIGURED       | NOT CONFIGURED
[0-0] [DEBUG]       | Channels         | 16                   | 16
[0-0] [DEBUG]       | Queues           | 91                   | 91
[0-0] [DEBUG]       | Listeners        | 2                    | 2
[0-0] [DEBUG] ----------------------------------------------------------------------
[0-0] [DEBUG] Row 3 | QM Name          | QMGR2                | QMGR2
[0-0] [DEBUG]       | Environment      | TEST                 | TEST
[0-0] [DEBUG]       | Status           | RUNNING              | RUNNING
[0-0] [DEBUG]       | AMQP Status      | NOT CONFIGURED       | NOT CONFIGURED
[0-0] [DEBUG]       | Channels         | 15                   | 15
[0-0] [DEBUG]       | Queues           | 205                  | 205
[0-0] [DEBUG]       | Listeners        | 2                    | 2
[0-0] [DEBUG] ----------------------------------------------------------------------
[0-0] [DEBUG] Row 4 | QM Name          | AIPGTWQMP            | AIPGTWQMP
[0-0] [DEBUG]       | Environment      | PRODUCTION           | PRODUCTION
[0-0] [DEBUG]       | Status           | RUNNING              | RUNNING
[0-0] [DEBUG]       | AMQP Status      | NOT CONFIGURED       | NOT CONFIGURED
[0-0] [DEBUG]       | Channels         | 19                   | 19
[0-0] [DEBUG]       | Queues           | 86                   | 86
[0-0] [DEBUG]       | Listeners        | 2                    | 2
[0-0] [DEBUG] ----------------------------------------------------------------------
[0-0] [DEBUG] Row 5 | QM Name          | QMGRP1               | QMGRP1
[0-0] [DEBUG]       | Environment      | PRODUCTION           | PRODUCTION
[0-0] [DEBUG]       | Status           | RUNNING              | RUNNING
[0-0] [DEBUG]       | AMQP Status      | NOT CONFIGURED       | NOT CONFIGURED
[0-0] [DEBUG]       | Channels         | 14                   | 14
[0-0] [DEBUG]       | Queues           | 87                   | 87
[0-0] [DEBUG]       | Listeners        | 2                    | 2
[0-0] [DEBUG] ----------------------------------------------------------------------
[0-0] [DEBUG] Row 6 | QM Name          | QMGRP2               | QMGRP2
[0-0] [DEBUG]       | Environment      | PRODUCTION           | PRODUCTION
[0-0] [DEBUG]       | Status           | RUNNING              | RUNNING
[0-0] [DEBUG]       | AMQP Status      | NOT CONFIGURED       | NOT CONFIGURED
[0-0] [DEBUG]       | Channels         | 15                   | 15
[0-0] [DEBUG]       | Queues           | 167                  | 167
[0-0] [DEBUG]       | Listeners        | 2                    | 2
[0-0] [DEBUG] ----------------------------------------------------------------------
[0-0] [DEBUG] Row 7 | QM Name          | AIPGTWQM             | AIPGTWQM
[0-0] [DEBUG]       | Environment      | TEST                 | TEST
[0-0] [DEBUG]       | Status           | RUNNING              | RUNNING
[0-0] [DEBUG]       | AMQP Status      | NOT CONFIGURED       | NOT CONFIGURED
[0-0] [DEBUG]       | Channels         | 19                   | 19
[0-0] [DEBUG]       | Queues           | 96                   | 96
[0-0] [DEBUG]       | Listeners        | 2                    | 2
[0-0] [DEBUG] ----------------------------------------------------------------------
[0-0] [DEBUG] Row 8 | QM Name          | AIPGTWQMDP           | AIPGTWQMDP
[0-0] [DEBUG]       | Environment      | PRODUCTION           | PRODUCTION
[0-0] [DEBUG]       | Status           | RUNNING              | RUNNING
[0-0] [DEBUG]       | AMQP Status      | RUNNING              | RUNNING
[0-0] [DEBUG]       | Channels         | 25                   | 25
[0-0] [DEBUG]       | Queues           | 121                  | 121
[0-0] [DEBUG]       | Listeners        | 2                    | 2
[0-0] [DEBUG] ----------------------------------------------------------------------
[0-0] [DEBUG] Row 9 | QM Name          | AIPGTWQMDT           | AIPGTWQMDT
[0-0] [DEBUG]       | Environment      | TEST                 | TEST
[0-0] [DEBUG]       | Status           | RUNNING              | RUNNING
[0-0] [DEBUG]       | AMQP Status      | RUNNING              | RUNNING
[0-0] [DEBUG]       | Channels         | 28                   | 28
[0-0] [DEBUG]       | Queues           | 131                  | 131
[0-0] [DEBUG]       | Listeners        | 2                    | 2
[0-0] [DEBUG] ----------------------------------------------------------------------
[0-0] [DEBUG] ===== Backend vs Frontend Validation PASSED =====
[0-0] 
[0-0] [DEBUG] ===== Testing Environment: TEST =====
[0-0] Error in "Verify MQ Page.Should verify MQ page data by filtering environments"
Error: element ("select") still not existing after 5000ms
    at <anonymous> (C:\Users\subra\OneDrive - ICAD Airports Pvt Ltd\Desktop\AIP Sentinel Automation 05-10-2025\node_modules\webdriverio\build\node.js:5829:15)
    at async Element.wrapCommandFn (C:\Users\subra\OneDrive - ICAD Airports Pvt Ltd\Desktop\AIP Sentinel Automation 05-10-2025\node_modules\@wdio\utils\build\index.js:982:23)
    at async Element.elementErrorHandlerCallbackFn (C:\Users\subra\OneDrive - ICAD Airports Pvt Ltd\Desktop\AIP Sentinel Automation 05-10-2025\node_modules\webdriverio\build\node.js:8602:24)
    at async Element.wrapCommandFn (C:\Users\subra\OneDrive - ICAD Airports Pvt Ltd\Desktop\AIP Sentinel Automation 05-10-2025\node_modules\@wdio\utils\build\index.js:982:23)
    at async Element.waitForExist (C:\Users\subra\OneDrive - ICAD Airports Pvt Ltd\Desktop\AIP Sentinel Automation 05-10-2025\node_modules\webdriverio\build\node.js:7834:23)
    at async Element.wrapCommandFn (C:\Users\subra\OneDrive - ICAD Airports Pvt Ltd\Desktop\AIP Sentinel Automation 05-10-2025\node_modules\@wdio\utils\build\index.js:982:23)
    at async Element.elementErrorHandlerCallbackFn (C:\Users\subra\OneDrive - ICAD Airports Pvt Ltd\Desktop\AIP Sentinel Automation 05-10-2025\node_modules\webdriverio\build\node.js:8602:24)
    at async Element.wrapCommandFn (C:\Users\subra\OneDrive - ICAD Airports Pvt Ltd\Desktop\AIP Sentinel Automation 05-10-2025\node_modules\@wdio\utils\build\index.js:982:23)
    at async MQPage.verifyMQPage_ByEnvironment (C:\Users\subra\OneDrive - ICAD Airports Pvt Ltd\Desktop\AIP Sentinel Automation 05-10-2025\test\pageobjects\mq.page.ts:144:7)
    at async Context.<anonymous> (C:\Users\subra\OneDrive - ICAD Airports Pvt Ltd\Desktop\AIP Sentinel Automation 05-10-2025\test\specs\MQ_test.e2e.ts:23:5)
[0-0] no test runtime is found. Please check test framework configuration
[0-0] no test runtime is found. Please check test framework configuration
[0-0] FAILED in chrome - file:///C:/Users/subra/OneDrive%20-%20ICAD%20Airports%20Pvt%20Ltd/Desktop/AIP%20Sentinel%20Automation%2005-10-2025/test/specs/MQ_test.e2e.ts (1 retries)

 "spec" Reporter:
------------------------------------------------------------------
[chrome 146.0.7680.164 windows #0-0] Running: chrome (v146.0.7680.164) on windows
[chrome 146.0.7680.164 windows #0-0] Session ID: f5c8d1d52cba9005284ba76befc88c60
[chrome 146.0.7680.164 windows #0-0]
[chrome 146.0.7680.164 windows #0-0] » test\specs\MQ_test.e2e.ts
[chrome 146.0.7680.164 windows #0-0] Verify MQ Page
[chrome 146.0.7680.164 windows #0-0]    ✓ Should navigate to MQ page via Dashboard 'Show more' button
[chrome 146.0.7680.164 windows #0-0]    ✖ Should verify MQ page data by filtering environments
[chrome 146.0.7680.164 windows #0-0]
[chrome 146.0.7680.164 windows #0-0] 1 passing (11s)
[chrome 146.0.7680.164 windows #0-0] 1 failing
[chrome 146.0.7680.164 windows #0-0]
[chrome 146.0.7680.164 windows #0-0] 1) Verify MQ Page Should verify MQ page data by filtering environments
[chrome 146.0.7680.164 windows #0-0] element ("select") still not existing after 5000ms
[chrome 146.0.7680.164 windows #0-0] Error: element ("select") still not existing after 5000ms
[chrome 146.0.7680.164 windows #0-0]     at <anonymous> (C:\Users\subra\OneDrive - ICAD Airports Pvt Ltd\Desktop\AIP Sentinel Automation 05-10-2025\node_modules\webdriverio\build\node.js:5829:15)
[chrome 146.0.7680.164 windows #0-0]     at async Element.wrapCommandFn (C:\Users\subra\OneDrive - ICAD Airports Pvt Ltd\Desktop\AIP Sentinel Automation 05-10-2025\node_modules\@wdio\utils\build\index.js:982:23)
[chrome 146.0.7680.164 windows #0-0]     at async Element.elementErrorHandlerCallbackFn (C:\Users\subra\OneDrive - ICAD Airports Pvt Ltd\Desktop\AIP Sentinel Automation 05-10-2025\node_modules\webdriverio\build\node.js:8602:24)
[chrome 146.0.7680.164 windows #0-0]     at async Element.wrapCommandFn (C:\Users\subra\OneDrive - ICAD Airports Pvt Ltd\Desktop\AIP Sentinel Automation 05-10-2025\node_modules\@wdio\utils\build\index.js:982:23)
[chrome 146.0.7680.164 windows #0-0]     at async Element.waitForExist (C:\Users\subra\OneDrive - ICAD Airports Pvt Ltd\Desktop\AIP Sentinel Automation 05-10-2025\node_modules\webdriverio\build\node.js:7834:23)
[chrome 146.0.7680.164 windows #0-0]     at async Element.wrapCommandFn (C:\Users\subra\OneDrive - ICAD Airports Pvt Ltd\Desktop\AIP Sentinel Automation 05-10-2025\node_modules\@wdio\utils\build\index.js:982:23)
[chrome 146.0.7680.164 windows #0-0]     at async Element.elementErrorHandlerCallbackFn (C:\Users\subra\OneDrive - ICAD Airports Pvt Ltd\Desktop\AIP Sentinel Automation 05-10-2025\node_modules\webdriverio\build\node.js:8602:24)
[chrome 146.0.7680.164 windows #0-0]     at async Element.wrapCommandFn (C:\Users\subra\OneDrive - ICAD Airports Pvt Ltd\Desktop\AIP Sentinel Automation 05-10-2025\node_modules\@wdio\utils\build\index.js:982:23)
[chrome 146.0.7680.164 windows #0-0]     at async MQPage.verifyMQPage_ByEnvironment (C:\Users\subra\OneDrive - ICAD Airports Pvt Ltd\Desktop\AIP Sentinel Automation 05-10-2025\test\pageobjects\mq.page.ts:144:7)
[chrome 146.0.7680.164 windows #0-0]     at async Context.<anonymous> (C:\Users\subra\OneDrive - ICAD Airports Pvt Ltd\Desktop\AIP Sentinel Automation 05-10-2025\test\specs\MQ_test.e2e.ts:23:5)
------------------------------------------------------------------
[chrome 146.0.7680.164 windows #0-0] Running: chrome (v146.0.7680.164) on windows
[chrome 146.0.7680.164 windows #0-0] Session ID: bddab0bb5dc7a58c9365d2aed9e2703c
[chrome 146.0.7680.164 windows #0-0]
[chrome 146.0.7680.164 windows #0-0] » test\specs\MQ_test.e2e.ts
[chrome 146.0.7680.164 windows #0-0] Verify MQ Page
[chrome 146.0.7680.164 windows #0-0]    ✓ Should navigate to MQ page via Dashboard 'Show more' button
[chrome 146.0.7680.164 windows #0-0]    ✖ Should verify MQ page data by filtering environments
[chrome 146.0.7680.164 windows #0-0]
[chrome 146.0.7680.164 windows #0-0] 1 passing (10s)
[chrome 146.0.7680.164 windows #0-0] 1 failing
[chrome 146.0.7680.164 windows #0-0]
[chrome 146.0.7680.164 windows #0-0] 1) Verify MQ Page Should verify MQ page data by filtering environments
[chrome 146.0.7680.164 windows #0-0] element ("select") still not existing after 5000ms
[chrome 146.0.7680.164 windows #0-0] Error: element ("select") still not existing after 5000ms
[chrome 146.0.7680.164 windows #0-0]     at <anonymous> (C:\Users\subra\OneDrive - ICAD Airports Pvt Ltd\Desktop\AIP Sentinel Automation 05-10-2025\node_modules\webdriverio\build\node.js:5829:15)
[chrome 146.0.7680.164 windows #0-0]     at async Element.wrapCommandFn (C:\Users\subra\OneDrive - ICAD Airports Pvt Ltd\Desktop\AIP Sentinel Automation 05-10-2025\node_modules\@wdio\utils\build\index.js:982:23)
[chrome 146.0.7680.164 windows #0-0]     at async Element.elementErrorHandlerCallbackFn (C:\Users\subra\OneDrive - ICAD Airports Pvt Ltd\Desktop\AIP Sentinel Automation 05-10-2025\node_modules\webdriverio\build\node.js:8602:24)
[chrome 146.0.7680.164 windows #0-0]     at async Element.wrapCommandFn (C:\Users\subra\OneDrive - ICAD Airports Pvt Ltd\Desktop\AIP Sentinel Automation 05-10-2025\node_modules\@wdio\utils\build\index.js:982:23)
[chrome 146.0.7680.164 windows #0-0]     at async Element.waitForExist (C:\Users\subra\OneDrive - ICAD Airports Pvt Ltd\Desktop\AIP Sentinel Automation 05-10-2025\node_modules\webdriverio\build\node.js:7834:23)
[chrome 146.0.7680.164 windows #0-0]     at async Element.wrapCommandFn (C:\Users\subra\OneDrive - ICAD Airports Pvt Ltd\Desktop\AIP Sentinel Automation 05-10-2025\node_modules\@wdio\utils\build\index.js:982:23)
[chrome 146.0.7680.164 windows #0-0]     at async Element.elementErrorHandlerCallbackFn (C:\Users\subra\OneDrive - ICAD Airports Pvt Ltd\Desktop\AIP Sentinel Automation 05-10-2025\node_modules\webdriverio\build\node.js:8602:24)
[chrome 146.0.7680.164 windows #0-0]     at async Element.wrapCommandFn (C:\Users\subra\OneDrive - ICAD Airports Pvt Ltd\Desktop\AIP Sentinel Automation 05-10-2025\node_modules\@wdio\utils\build\index.js:982:23)
[chrome 146.0.7680.164 windows #0-0]     at async MQPage.verifyMQPage_ByEnvironment (C:\Users\subra\OneDrive - ICAD Airports Pvt Ltd\Desktop\AIP Sentinel Automation 05-10-2025\test\pageobjects\mq.page.ts:144:7)
[chrome 146.0.7680.164 windows #0-0]     at async Context.<anonymous> (C:\Users\subra\OneDrive - ICAD Airports Pvt Ltd\Desktop\AIP Sentinel Automation 05-10-2025\test\specs\MQ_test.e2e.ts:23:5)


Spec Files:	 0 passed, 1 retries, 1 failed, 1 total (100% completed) in 00:00:30  


